0 info it worked if it ends with ok
1 verbose cli [ '/home/kaszonim/.nvm/versions/node/v7.2.0/bin/node',
1 verbose cli   '/home/kaszonim/.nvm/versions/node/v7.2.0/bin/npm',
1 verbose cli   'run',
1 verbose cli   'cover-zomato' ]
2 info using npm@3.10.9
3 info using node@v7.2.0
4 verbose run-script [ 'precover-zomato', 'cover-zomato', 'postcover-zomato' ]
5 info lifecycle restaurant@1.0.0~precover-zomato: restaurant@1.0.0
6 silly lifecycle restaurant@1.0.0~precover-zomato: no script for precover-zomato, continuing
7 info lifecycle restaurant@1.0.0~cover-zomato: restaurant@1.0.0
8 verbose lifecycle restaurant@1.0.0~cover-zomato: unsafe-perm in lifecycle true
9 verbose lifecycle restaurant@1.0.0~cover-zomato: PATH: /home/kaszonim/.nvm/versions/node/v7.2.0/lib/node_modules/npm/bin/node-gyp-bin:/home/kaszonim/Documents/API/API/node_modules/.bin:/home/kaszonim/.nvm/versions/node/v7.2.0/bin:/usr/local/heroku/bin:/usr/local/bin:/usr/bin:/bin:/usr/local/games:/usr/games
10 verbose lifecycle restaurant@1.0.0~cover-zomato: CWD: /home/kaszonim/Documents/API/API
11 silly lifecycle restaurant@1.0.0~cover-zomato: Args: [ '-c',
11 silly lifecycle   'istanbul cover -x spec/zomato-spec.js ./node_modules/.bin/jasmine ./spec/zomato-spec.js' ]
12 silly lifecycle restaurant@1.0.0~cover-zomato: Returned: code: 1  signal: null
13 info lifecycle restaurant@1.0.0~cover-zomato: Failed to exec cover-zomato script
14 verbose stack Error: restaurant@1.0.0 cover-zomato: `istanbul cover -x spec/zomato-spec.js ./node_modules/.bin/jasmine ./spec/zomato-spec.js`
14 verbose stack Exit status 1
14 verbose stack     at EventEmitter.<anonymous> (/home/kaszonim/.nvm/versions/node/v7.2.0/lib/node_modules/npm/lib/utils/lifecycle.js:255:16)
14 verbose stack     at emitTwo (events.js:106:13)
14 verbose stack     at EventEmitter.emit (events.js:191:7)
14 verbose stack     at ChildProcess.<anonymous> (/home/kaszonim/.nvm/versions/node/v7.2.0/lib/node_modules/npm/lib/utils/spawn.js:40:14)
14 verbose stack     at emitTwo (events.js:106:13)
14 verbose stack     at ChildProcess.emit (events.js:191:7)
14 verbose stack     at maybeClose (internal/child_process.js:885:16)
14 verbose stack     at Process.ChildProcess._handle.onexit (internal/child_process.js:226:5)
15 verbose pkgid restaurant@1.0.0
16 verbose cwd /home/kaszonim/Documents/API/API
17 error Linux 3.8.11
18 error argv "/home/kaszonim/.nvm/versions/node/v7.2.0/bin/node" "/home/kaszonim/.nvm/versions/node/v7.2.0/bin/npm" "run" "cover-zomato"
19 error node v7.2.0
20 error npm  v3.10.9
21 error code ELIFECYCLE
22 error restaurant@1.0.0 cover-zomato: `istanbul cover -x spec/zomato-spec.js ./node_modules/.bin/jasmine ./spec/zomato-spec.js`
22 error Exit status 1
23 error Failed at the restaurant@1.0.0 cover-zomato script 'istanbul cover -x spec/zomato-spec.js ./node_modules/.bin/jasmine ./spec/zomato-spec.js'.
23 error Make sure you have the latest version of node.js and npm installed.
23 error If you do, this is most likely a problem with the restaurant package,
23 error not with npm itself.
23 error Tell the author that this fails on your system:
23 error     istanbul cover -x spec/zomato-spec.js ./node_modules/.bin/jasmine ./spec/zomato-spec.js
23 error You can get information on how to open an issue for this project with:
23 error     npm bugs restaurant
23 error Or if that isn't available, you can get their info via:
23 error     npm owner ls restaurant
23 error There is likely additional logging output above.
24 verbose exit [ 1, true ]
